#
# An unexpected error has occurred (11)
#
Stack:
/home/vladimir/Desktop/VHDL/Vivado/2020.2/tps/lnx64/jre11.0.2/lib//server/libjvm.so(+0xc04c3b) [0x7fc138fc4c3b]
/home/vladimir/Desktop/VHDL/Vivado/2020.2/tps/lnx64/jre11.0.2/lib//server/libjvm.so(JVM_handle_linux_signal+0x14e) [0x7fc138fc98de]
/home/vladimir/Desktop/VHDL/Vivado/2020.2/tps/lnx64/jre11.0.2/lib//server/libjvm.so(+0xbfd538) [0x7fc138fbd538]
/lib/x86_64-linux-gnu/libc.so.6(+0x43090) [0x7fc18e540090]
/home/vladimir/Desktop/VHDL/Vivado/2020.2/lib/lnx64.o/librdi_simbridge_kernel.so(SimBridge::CArray::empty() const+0) [0x7fc13fb42a00]
/home/vladimir/Desktop/VHDL/Vivado/2020.2/lib/lnx64.o/librdi_simbridge_kernel.so(SimBridge::WdbEventBlock::addBlock(SimBridge::WdbIBlockManager&, unsigned int&) const+0x1c) [0x7fc13fb430dc]
/home/vladimir/Desktop/VHDL/Vivado/2020.2/lib/lnx64.o/librdi_simbridge_kernel.so(SimBridge::WdbMultipleBucketEventDatabase::getEventBlockDatabaseIterator(std::vector<SimBridge::WdbScalarBTree*, std::allocator<SimBridge::WdbScalarBTree*> > const&, std::vector<boost::shared_ptr<SimBridge::WdbIEventBlockIterator>, std::allocator<boost::shared_ptr<SimBridge::WdbIEventBlockIterator> > >&, std::vector<std::vector<SimBridge::WdbScalarBTree*, std::allocator<SimBridge::WdbScalarBTree*> >, std::allocator<std::vector<SimBridge::WdbScalarBTree*, std::allocator<SimBridge::WdbScalarBTree*> > > >&) const+0x691) [0x7fc13fb5d071]
/home/vladimir/Desktop/VHDL/Vivado/2020.2/lib/lnx64.o/librdi_simbridge_kernel.so(SimBridge::WdbAddressBTreeManager::scanWdbDatabaseMultiThread(std::vector<SimBridge::WdbScalarBTree*, std::allocator<SimBridge::WdbScalarBTree*> > const&, ISIM::IGuiStatus*)+0xf0) [0x7fc13fb39ee0]
/home/vladimir/Desktop/VHDL/Vivado/2020.2/lib/lnx64.o/librdi_wavedata.so(SimBridge::DataObjMgr::createDrawingBTree(std::vector<SimBridge::IDataObj const*, std::allocator<SimBridge::IDataObj const*> > const&, ISIM::IGuiStatus*, bool)+0x32a) [0x7fc14aec358a]
/home/vladimir/Desktop/VHDL/Vivado/2020.2/lib/lnx64.o/librdi_wavedata.so(SG_Model::Model::createDrawingBTree(std::vector<SG_Model::WVDataObject*, std::allocator<SG_Model::WVDataObject*> > const&, ISIM::IGuiStatus*) const+0x21b) [0x7fc14af7b16b]
/home/vladimir/Desktop/VHDL/Vivado/2020.2/lib/lnx64.o/librdi_wavedata.so(SG_Model::Model::addWVObject(std::vector<SG_Model::WVDataObject*, std::allocator<SG_Model::WVDataObject*> > const&, SG_Model::WVDataObject*, int)+0x23f) [0x7fc14af7de0f]
/home/vladimir/Desktop/VHDL/Vivado/2020.2/lib/lnx64.o/librdi_wavedata.so(SG_Controller::AddWaveformCommand::doCommand()+0x33) [0x7fc14af445d3]
/home/vladimir/Desktop/VHDL/Vivado/2020.2/lib/lnx64.o/librdi_wavedata.so(SG_Controller::CommandManager::executeOrAppendMacro(SG_Controller::Command*, bool)+0x4d) [0x7fc14af438fd]
/home/vladimir/Desktop/VHDL/Vivado/2020.2/lib/lnx64.o/librdi_wavedata.so(SG_Controller::CommandManager::createAndExecute(std::__cxx11::basic_string<char, std::char_traits<char>, std::allocator<char> > const&, SG_Common::StringArray const&, SG_Model::Model&, SG_Controller::CommandFactory&)+0x151) [0x7fc14af43c91]
/home/vladimir/Desktop/VHDL/Vivado/2020.2/lib/lnx64.o/librdi_wavedata.so(WVDAppInterface::WVDWaveConfigurationImp::execute(std::__cxx11::basic_string<char, std::char_traits<char>, std::allocator<char> > const&, SG_Common::StringArray const&)+0x1b) [0x7fc14ae3516b]
/home/vladimir/Desktop/VHDL/Vivado/2020.2/lib/lnx64.o/librdi_wavedata.so(WVDAppInterface::WVDWaveConfiguration::addWaveObject(std::vector<SG_Model::WVDataObject*, std::allocator<SG_Model::WVDataObject*> > const&, int, int, WVDAppInterface::WVDWaveDisplayOption const&, ISIM::IGuiStatus*)+0x52f) [0x7fc14ae3810f]
/home/vladimir/Desktop/VHDL/Vivado/2020.2/lib/lnx64.o/librdi_wavedata.so(WVDAppInterface::WVDWaveConfiguration::addWave(std::vector<SimBridge::IObject const*, std::allocator<SimBridge::IObject const*> > const&, int, int, bool, WVDAppInterface::WVDWaveDisplayOption const&, ISIM::IGuiStatus*)+0x22c) [0x7fc14ae3873c]
/home/vladimir/Desktop/VHDL/Vivado/2020.2/lib/lnx64.o/librdi_wavedatatasks.so(+0xdd8cd) [0x7fc0ef4928cd]
/home/vladimir/Desktop/VHDL/Vivado/2020.2/lib/lnx64.o/librdi_common.so(+0x9cfb1d) [0x7fc18f87eb1d]
/home/vladimir/Desktop/VHDL/Vivado/2020.2/lib/lnx64.o/libtcl8.5.so(+0x3356f) [0x7fc189c2656f]
/home/vladimir/Desktop/VHDL/Vivado/2020.2/lib/lnx64.o/libtcl8.5.so(+0x76945) [0x7fc189c69945]
/home/vladimir/Desktop/VHDL/Vivado/2020.2/lib/lnx64.o/libtcl8.5.so(+0x7e0f9) [0x7fc189c710f9]
/home/vladimir/Desktop/VHDL/Vivado/2020.2/lib/lnx64.o/libtcl8.5.so(TclEvalObjEx+0x76) [0x7fc189c28216]
/home/vladimir/Desktop/VHDL/Vivado/2020.2/lib/lnx64.o/libtcl8.5.so(+0x3e824) [0x7fc189c31824]
/home/vladimir/Desktop/VHDL/Vivado/2020.2/lib/lnx64.o/libtcl8.5.so(+0x3356f) [0x7fc189c2656f]
/home/vladimir/Desktop/VHDL/Vivado/2020.2/lib/lnx64.o/libtcl8.5.so(+0x76945) [0x7fc189c69945]
/home/vladimir/Desktop/VHDL/Vivado/2020.2/lib/lnx64.o/libtcl8.5.so(+0x7e0f9) [0x7fc189c710f9]
/home/vladimir/Desktop/VHDL/Vivado/2020.2/lib/lnx64.o/libtcl8.5.so(TclEvalObjEx+0x76) [0x7fc189c28216]
/home/vladimir/Desktop/VHDL/Vivado/2020.2/lib/lnx64.o/libtcl8.5.so(+0x3e824) [0x7fc189c31824]
/home/vladimir/Desktop/VHDL/Vivado/2020.2/lib/lnx64.o/libtcl8.5.so(+0x3356f) [0x7fc189c2656f]
/home/vladimir/Desktop/VHDL/Vivado/2020.2/lib/lnx64.o/libtcl8.5.so(+0x34bf8) [0x7fc189c27bf8]
/home/vladimir/Desktop/VHDL/Vivado/2020.2/lib/lnx64.o/libtcl8.5.so(Tcl_EvalEx+0x13) [0x7fc189c28163]
/home/vladimir/Desktop/VHDL/Vivado/2020.2/lib/lnx64.o/libtcl8.5.so(Tcl_FSEvalFileEx+0x1da) [0x7fc189c8cd2a]
/home/vladimir/Desktop/VHDL/Vivado/2020.2/lib/lnx64.o/librdi_commontasks.so(+0x1f8c0d) [0x7fc182d85c0d]
/home/vladimir/Desktop/VHDL/Vivado/2020.2/lib/lnx64.o/librdi_common.so(+0x9cfb1d) [0x7fc18f87eb1d]
/home/vladimir/Desktop/VHDL/Vivado/2020.2/lib/lnx64.o/libtcl8.5.so(+0x3356f) [0x7fc189c2656f]
/home/vladimir/Desktop/VHDL/Vivado/2020.2/lib/lnx64.o/libtcl8.5.so(Tcl_EvalObjv+0x32) [0x7fc189c266a2]
/home/vladimir/Desktop/VHDL/Vivado/2020.2/lib/lnx64.o/libtcl8.5.so(TclEvalObjEx+0x322) [0x7fc189c284c2]
/home/vladimir/Desktop/VHDL/Vivado/2020.2/lib/lnx64.o/librdi_common.so(hdi::tcltasks::task_manager::eval_in_tcl(Tcl_Interp*, Tcl_Obj*, char const*, bool)+0xb59) [0x7fc18f880929]
/home/vladimir/Desktop/VHDL/Vivado/2020.2/lib/lnx64.o/librdi_simtcltasks.so(RSTTclHelper::processTclbatchOption(hdi::tcltasks::task_options_base&, Tcl_Interp*)+0x114) [0x7fc0f0bb6864]
/home/vladimir/Desktop/VHDL/Vivado/2020.2/lib/lnx64.o/librdi_simtcltasks.so(+0x13b281) [0x7fc0f0c30281]
/home/vladimir/Desktop/VHDL/Vivado/2020.2/lib/lnx64.o/librdi_common.so(+0x9cfb1d) [0x7fc18f87eb1d]
/home/vladimir/Desktop/VHDL/Vivado/2020.2/lib/lnx64.o/libtcl8.5.so(+0x3356f) [0x7fc189c2656f]
/home/vladimir/Desktop/VHDL/Vivado/2020.2/lib/lnx64.o/libtcl8.5.so(+0x34bf8) [0x7fc189c27bf8]
/home/vladimir/Desktop/VHDL/Vivado/2020.2/lib/lnx64.o/libtcl8.5.so(Tcl_EvalEx+0x13) [0x7fc189c28163]
/home/vladimir/Desktop/VHDL/Vivado/2020.2/lib/lnx64.o/libtcl8.5.so(TclEvalObjEx+0x1e0) [0x7fc189c28380]
/home/vladimir/Desktop/VHDL/Vivado/2020.2/lib/lnx64.o/libtcl8.5.so(+0x3b445) [0x7fc189c2e445]
/home/vladimir/Desktop/VHDL/Vivado/2020.2/lib/lnx64.o/libtcl8.5.so(+0x3356f) [0x7fc189c2656f]
/home/vladimir/Desktop/VHDL/Vivado/2020.2/lib/lnx64.o/libtcl8.5.so(+0x76945) [0x7fc189c69945]
/home/vladimir/Desktop/VHDL/Vivado/2020.2/lib/lnx64.o/libtcl8.5.so(+0x7e0f9) [0x7fc189c710f9]
/home/vladimir/Desktop/VHDL/Vivado/2020.2/lib/lnx64.o/libtcl8.5.so(TclEvalObjEx+0x76) [0x7fc189c28216]
/home/vladimir/Desktop/VHDL/Vivado/2020.2/lib/lnx64.o/librdi_commontasks.so(+0x1dba74) [0x7fc182d68a74]
/home/vladimir/Desktop/VHDL/Vivado/2020.2/lib/lnx64.o/libtcl8.5.so(+0x3356f) [0x7fc189c2656f]
/home/vladimir/Desktop/VHDL/Vivado/2020.2/lib/lnx64.o/libtcl8.5.so(+0x76945) [0x7fc189c69945]
/home/vladimir/Desktop/VHDL/Vivado/2020.2/lib/lnx64.o/libtcl8.5.so(TclObjInterpProcCore+0x420) [0x7fc189caaed0]
/home/vladimir/Desktop/VHDL/Vivado/2020.2/lib/lnx64.o/libtcl8.5.so(+0x3356f) [0x7fc189c2656f]
/home/vladimir/Desktop/VHDL/Vivado/2020.2/lib/lnx64.o/libtcl8.5.so(Tcl_EvalObjv+0x32) [0x7fc189c266a2]
/home/vladimir/Desktop/VHDL/Vivado/2020.2/lib/lnx64.o/libtcl8.5.so(TclEvalObjEx+0x322) [0x7fc189c284c2]
/home/vladimir/Desktop/VHDL/Vivado/2020.2/lib/lnx64.o/librdi_tcltasks.so(SimUtils::detail::execStep(Tcl_Interp*, std::__cxx11::basic_ostringstream<char, std::char_traits<char>, std::allocator<char> >&, std::__cxx11::basic_string<char, std::char_traits<char>, std::allocator<char> > const&, std::__cxx11::basic_string<char, std::char_traits<char>, std::allocator<char> > const&, std::__cxx11::basic_string<char, std::char_traits<char>, std::allocator<char> >&, bool&)+0x1ee) [0x7fc180aa61fe]
/home/vladimir/Desktop/VHDL/Vivado/2020.2/lib/lnx64.o/librdi_tcltasks.so(SimUtils::detail::execSimStep(Tcl_Interp*, std::__cxx11::basic_ostringstream<char, std::char_traits<char>, std::allocator<char> >&, HAPUFSimulator*, HAPUFSimulator::TclProc, std::__cxx11::basic_string<char, std::char_traits<char>, std::allocator<char> > const&, bool, HADAFileSet*, std::__cxx11::basic_string<char, std::char_traits<char>, std::allocator<char> > const&, HAPUFSimulator::SimulationStep, bool, HDGUIStatus*)+0x75) [0x7fc180aa6435]
/home/vladimir/Desktop/VHDL/Vivado/2020.2/lib/lnx64.o/librdi_tcltasks.so(HTCSimUtils::executeStep(Tcl_Interp*, HADAFileSet*, HADAFileSet*, HAPUFSimulator*, HDGUIStatus*, std::__cxx11::basic_string<char, std::char_traits<char>, std::allocator<char> > const&, std::__cxx11::basic_string<char, std::char_traits<char>, std::allocator<char> > const&, std::__cxx11::basic_string<char, std::char_traits<char>, std::allocator<char> > const&, bool, bool, bool, std::__cxx11::basic_ostringstream<char, std::char_traits<char>, std::allocator<char> >&)+0x4b7) [0x7fc180aa6a97]
/home/vladimir/Desktop/VHDL/Vivado/2020.2/lib/lnx64.o/librdi_tcltasks.so(+0x1927eec) [0x7fc180a4ceec]
/home/vladimir/Desktop/VHDL/Vivado/2020.2/lib/lnx64.o/librdi_common.so(+0x9cfb1d) [0x7fc18f87eb1d]
/home/vladimir/Desktop/VHDL/Vivado/2020.2/lib/lnx64.o/libtcl8.5.so(+0x3356f) [0x7fc189c2656f]
/home/vladimir/Desktop/VHDL/Vivado/2020.2/lib/lnx64.o/libtcl8.5.so(+0x76945) [0x7fc189c69945]
/home/vladimir/Desktop/VHDL/Vivado/2020.2/lib/lnx64.o/libtcl8.5.so(+0x7e0f9) [0x7fc189c710f9]
/home/vladimir/Desktop/VHDL/Vivado/2020.2/lib/lnx64.o/libtcl8.5.so(TclEvalObjEx+0x76) [0x7fc189c28216]
/home/vladimir/Desktop/VHDL/Vivado/2020.2/lib/lnx64.o/librdi_common.so(+0x9ce041) [0x7fc18f87d041]
/home/vladimir/Desktop/VHDL/Vivado/2020.2/lib/lnx64.o/libtcl8.5.so(Tcl_ServiceEvent+0x7f) [0x7fc189c9abef]
/home/vladimir/Desktop/VHDL/Vivado/2020.2/lib/lnx64.o/libtcl8.5.so(Tcl_DoOneEvent+0x154) [0x7fc189c9af24]
/home/vladimir/Desktop/VHDL/Vivado/2020.2/lib/lnx64.o/librdi_commontasks.so(+0x23caa5) [0x7fc182dc9aa5]
/home/vladimir/Desktop/VHDL/Vivado/2020.2/lib/lnx64.o/librdi_commontasks.so(+0x23fbb5) [0x7fc182dccbb5]
/home/vladimir/Desktop/VHDL/Vivado/2020.2/lib/lnx64.o/librdi_commontasks.so(+0x240bde) [0x7fc182dcdbde]
/home/vladimir/Desktop/VHDL/Vivado/2020.2/lib/lnx64.o/librdi_common.so(+0x9cfb1d) [0x7fc18f87eb1d]
/home/vladimir/Desktop/VHDL/Vivado/2020.2/lib/lnx64.o/libtcl8.5.so(+0x3356f) [0x7fc189c2656f]
/home/vladimir/Desktop/VHDL/Vivado/2020.2/lib/lnx64.o/libtcl8.5.so(+0x76945) [0x7fc189c69945]
/home/vladimir/Desktop/VHDL/Vivado/2020.2/lib/lnx64.o/libtcl8.5.so(+0x7e0f9) [0x7fc189c710f9]
/home/vladimir/Desktop/VHDL/Vivado/2020.2/lib/lnx64.o/libtcl8.5.so(TclEvalObjEx+0x76) [0x7fc189c28216]
/home/vladimir/Desktop/VHDL/Vivado/2020.2/lib/lnx64.o/librdi_commonmain.so(+0xad53) [0x7fc18eca7d53]
/home/vladimir/Desktop/VHDL/Vivado/2020.2/lib/lnx64.o/libtcl8.5.so(Tcl_Main+0x1d0) [0x7fc189c932f0]
/home/vladimir/Desktop/VHDL/Vivado/2020.2/lib/lnx64.o/librdi_common.so(+0xa1442b) [0x7fc18f8c342b]
/lib/x86_64-linux-gnu/libpthread.so.0(+0x8609) [0x7fc18e4e2609]
/lib/x86_64-linux-gnu/libc.so.6(clone+0x43) [0x7fc18e61c353]
