Vivado Simulator 2020.2
Time resolution is 1 ps
Note: Usao u stanje idle
Time: 0 ps  Iteration: 0  Process: /sqrt_tb/uut/KOMBINACIONA_LOGIKA  File: /home/vladimir/Desktop/SQRT/sqrt/sqrt.srcs/sources_1/new/sqrt.vhd
Note: Usao u stanje idle,ready=1
Time: 0 ps  Iteration: 0  Process: /sqrt_tb/uut/KOMBINACIONA_LOGIKA  File: /home/vladimir/Desktop/SQRT/sqrt/sqrt.srcs/sources_1/new/sqrt.vhd
Note: Usao u else deo iddel stanja,tj vraca se ponovo u idle narendo_stanje=idle
Time: 0 ps  Iteration: 0  Process: /sqrt_tb/uut/KOMBINACIONA_LOGIKA  File: /home/vladimir/Desktop/SQRT/sqrt/sqrt.srcs/sources_1/new/sqrt.vhd
Note: Usao u stanje idle
Time: 0 ps  Iteration: 2  Process: /sqrt_tb/uut/KOMBINACIONA_LOGIKA  File: /home/vladimir/Desktop/SQRT/sqrt/sqrt.srcs/sources_1/new/sqrt.vhd
Note: Usao u stanje idle,ready=1
Time: 0 ps  Iteration: 2  Process: /sqrt_tb/uut/KOMBINACIONA_LOGIKA  File: /home/vladimir/Desktop/SQRT/sqrt/sqrt.srcs/sources_1/new/sqrt.vhd
Note: Usao u else deo iddel stanja,tj vraca se ponovo u idle narendo_stanje=idle
Time: 0 ps  Iteration: 2  Process: /sqrt_tb/uut/KOMBINACIONA_LOGIKA  File: /home/vladimir/Desktop/SQRT/sqrt/sqrt.srcs/sources_1/new/sqrt.vhd
Note: Usao u stanje idle
Time: 0 ps  Iteration: 3  Process: /sqrt_tb/uut/KOMBINACIONA_LOGIKA  File: /home/vladimir/Desktop/SQRT/sqrt/sqrt.srcs/sources_1/new/sqrt.vhd
Note: Usao u stanje idle,ready=1
Time: 0 ps  Iteration: 3  Process: /sqrt_tb/uut/KOMBINACIONA_LOGIKA  File: /home/vladimir/Desktop/SQRT/sqrt/sqrt.srcs/sources_1/new/sqrt.vhd
Note: Usao u else deo iddel stanja,tj vraca se ponovo u idle narendo_stanje=idle
Time: 0 ps  Iteration: 3  Process: /sqrt_tb/uut/KOMBINACIONA_LOGIKA  File: /home/vladimir/Desktop/SQRT/sqrt/sqrt.srcs/sources_1/new/sqrt.vhd
Note: Usao u stanje idle
Time: 70 ns  Iteration: 1  Process: /sqrt_tb/uut/KOMBINACIONA_LOGIKA  File: /home/vladimir/Desktop/SQRT/sqrt/sqrt.srcs/sources_1/new/sqrt.vhd
Note: Usao u stanje idle,ready=1
Time: 70 ns  Iteration: 1  Process: /sqrt_tb/uut/KOMBINACIONA_LOGIKA  File: /home/vladimir/Desktop/SQRT/sqrt/sqrt.srcs/sources_1/new/sqrt.vhd
Note: Proverava da li je start=1
Time: 70 ns  Iteration: 1  Process: /sqrt_tb/uut/KOMBINACIONA_LOGIKA  File: /home/vladimir/Desktop/SQRT/sqrt/sqrt.srcs/sources_1/new/sqrt.vhd
Note: idle::Vrednost op_next=: 0
Time: 70 ns  Iteration: 1  Process: /sqrt_tb/uut/KOMBINACIONA_LOGIKA  File: /home/vladimir/Desktop/SQRT/sqrt/sqrt.srcs/sources_1/new/sqrt.vhd
Note: idle:Vrednost res_next=: 0
Time: 70 ns  Iteration: 1  Process: /sqrt_tb/uut/KOMBINACIONA_LOGIKA  File: /home/vladimir/Desktop/SQRT/sqrt/sqrt.srcs/sources_1/new/sqrt.vhd
Note: idle:Vrednost one_next=: 0
Time: 70 ns  Iteration: 1  Process: /sqrt_tb/uut/KOMBINACIONA_LOGIKA  File: /home/vladimir/Desktop/SQRT/sqrt/sqrt.srcs/sources_1/new/sqrt.vhd
Note: Usao u stanje idle
Time: 70 ns  Iteration: 2  Process: /sqrt_tb/uut/KOMBINACIONA_LOGIKA  File: /home/vladimir/Desktop/SQRT/sqrt/sqrt.srcs/sources_1/new/sqrt.vhd
Note: Usao u stanje idle,ready=1
Time: 70 ns  Iteration: 2  Process: /sqrt_tb/uut/KOMBINACIONA_LOGIKA  File: /home/vladimir/Desktop/SQRT/sqrt/sqrt.srcs/sources_1/new/sqrt.vhd
Note: Proverava da li je start=1
Time: 70 ns  Iteration: 2  Process: /sqrt_tb/uut/KOMBINACIONA_LOGIKA  File: /home/vladimir/Desktop/SQRT/sqrt/sqrt.srcs/sources_1/new/sqrt.vhd
Note: idle::Vrednost op_next=: 308025
Time: 70 ns  Iteration: 2  Process: /sqrt_tb/uut/KOMBINACIONA_LOGIKA  File: /home/vladimir/Desktop/SQRT/sqrt/sqrt.srcs/sources_1/new/sqrt.vhd
Note: idle:Vrednost res_next=: 0
Time: 70 ns  Iteration: 2  Process: /sqrt_tb/uut/KOMBINACIONA_LOGIKA  File: /home/vladimir/Desktop/SQRT/sqrt/sqrt.srcs/sources_1/new/sqrt.vhd
Note: idle:Vrednost one_next=: 1
Time: 70 ns  Iteration: 2  Process: /sqrt_tb/uut/KOMBINACIONA_LOGIKA  File: /home/vladimir/Desktop/SQRT/sqrt/sqrt.srcs/sources_1/new/sqrt.vhd
Note: Usao u stanje s1
Time: 75 ns  Iteration: 2  Process: /sqrt_tb/uut/KOMBINACIONA_LOGIKA  File: /home/vladimir/Desktop/SQRT/sqrt/sqrt.srcs/sources_1/new/sqrt.vhd
Note: s1:Vrednost one_next=: 1
Time: 75 ns  Iteration: 2  Process: /sqrt_tb/uut/KOMBINACIONA_LOGIKA  File: /home/vladimir/Desktop/SQRT/sqrt/sqrt.srcs/sources_1/new/sqrt.vhd
Note: Usao u stanje s1
Time: 75 ns  Iteration: 3  Process: /sqrt_tb/uut/KOMBINACIONA_LOGIKA  File: /home/vladimir/Desktop/SQRT/sqrt/sqrt.srcs/sources_1/new/sqrt.vhd
Note: s1:Vrednost one_next=: 1073741824
Time: 75 ns  Iteration: 3  Process: /sqrt_tb/uut/KOMBINACIONA_LOGIKA  File: /home/vladimir/Desktop/SQRT/sqrt/sqrt.srcs/sources_1/new/sqrt.vhd
Note: Usao u stanje s2
Time: 85 ns  Iteration: 2  Process: /sqrt_tb/uut/KOMBINACIONA_LOGIKA  File: /home/vladimir/Desktop/SQRT/sqrt/sqrt.srcs/sources_1/new/sqrt.vhd
Note: Usao u stanje s3
Time: 95 ns  Iteration: 2  Process: /sqrt_tb/uut/KOMBINACIONA_LOGIKA  File: /home/vladimir/Desktop/SQRT/sqrt/sqrt.srcs/sources_1/new/sqrt.vhd
Note: s3:Vrednost one_next=: 1073741824
Time: 95 ns  Iteration: 2  Process: /sqrt_tb/uut/KOMBINACIONA_LOGIKA  File: /home/vladimir/Desktop/SQRT/sqrt/sqrt.srcs/sources_1/new/sqrt.vhd
Note: Usao u stanje s3
Time: 95 ns  Iteration: 3  Process: /sqrt_tb/uut/KOMBINACIONA_LOGIKA  File: /home/vladimir/Desktop/SQRT/sqrt/sqrt.srcs/sources_1/new/sqrt.vhd
Note: s3:Vrednost one_next=: 268435456
Time: 95 ns  Iteration: 3  Process: /sqrt_tb/uut/KOMBINACIONA_LOGIKA  File: /home/vladimir/Desktop/SQRT/sqrt/sqrt.srcs/sources_1/new/sqrt.vhd
Note: Usao u stanje s2
Time: 105 ns  Iteration: 2  Process: /sqrt_tb/uut/KOMBINACIONA_LOGIKA  File: /home/vladimir/Desktop/SQRT/sqrt/sqrt.srcs/sources_1/new/sqrt.vhd
Note: Usao u stanje s3
Time: 115 ns  Iteration: 2  Process: /sqrt_tb/uut/KOMBINACIONA_LOGIKA  File: /home/vladimir/Desktop/SQRT/sqrt/sqrt.srcs/sources_1/new/sqrt.vhd
Note: s3:Vrednost one_next=: 268435456
Time: 115 ns  Iteration: 2  Process: /sqrt_tb/uut/KOMBINACIONA_LOGIKA  File: /home/vladimir/Desktop/SQRT/sqrt/sqrt.srcs/sources_1/new/sqrt.vhd
Note: Usao u stanje s3
Time: 115 ns  Iteration: 3  Process: /sqrt_tb/uut/KOMBINACIONA_LOGIKA  File: /home/vladimir/Desktop/SQRT/sqrt/sqrt.srcs/sources_1/new/sqrt.vhd
Note: s3:Vrednost one_next=: 67108864
Time: 115 ns  Iteration: 3  Process: /sqrt_tb/uut/KOMBINACIONA_LOGIKA  File: /home/vladimir/Desktop/SQRT/sqrt/sqrt.srcs/sources_1/new/sqrt.vhd
Note: Usao u stanje s2
Time: 125 ns  Iteration: 2  Process: /sqrt_tb/uut/KOMBINACIONA_LOGIKA  File: /home/vladimir/Desktop/SQRT/sqrt/sqrt.srcs/sources_1/new/sqrt.vhd
Note: Usao u stanje s3
Time: 135 ns  Iteration: 2  Process: /sqrt_tb/uut/KOMBINACIONA_LOGIKA  File: /home/vladimir/Desktop/SQRT/sqrt/sqrt.srcs/sources_1/new/sqrt.vhd
Note: s3:Vrednost one_next=: 67108864
Time: 135 ns  Iteration: 2  Process: /sqrt_tb/uut/KOMBINACIONA_LOGIKA  File: /home/vladimir/Desktop/SQRT/sqrt/sqrt.srcs/sources_1/new/sqrt.vhd
Note: Usao u stanje s3
Time: 135 ns  Iteration: 3  Process: /sqrt_tb/uut/KOMBINACIONA_LOGIKA  File: /home/vladimir/Desktop/SQRT/sqrt/sqrt.srcs/sources_1/new/sqrt.vhd
Note: s3:Vrednost one_next=: 16777216
Time: 135 ns  Iteration: 3  Process: /sqrt_tb/uut/KOMBINACIONA_LOGIKA  File: /home/vladimir/Desktop/SQRT/sqrt/sqrt.srcs/sources_1/new/sqrt.vhd
Note: Usao u stanje s2
Time: 145 ns  Iteration: 2  Process: /sqrt_tb/uut/KOMBINACIONA_LOGIKA  File: /home/vladimir/Desktop/SQRT/sqrt/sqrt.srcs/sources_1/new/sqrt.vhd
Note: Usao u stanje s3
Time: 155 ns  Iteration: 2  Process: /sqrt_tb/uut/KOMBINACIONA_LOGIKA  File: /home/vladimir/Desktop/SQRT/sqrt/sqrt.srcs/sources_1/new/sqrt.vhd
Note: s3:Vrednost one_next=: 16777216
Time: 155 ns  Iteration: 2  Process: /sqrt_tb/uut/KOMBINACIONA_LOGIKA  File: /home/vladimir/Desktop/SQRT/sqrt/sqrt.srcs/sources_1/new/sqrt.vhd
Note: Usao u stanje s3
Time: 155 ns  Iteration: 3  Process: /sqrt_tb/uut/KOMBINACIONA_LOGIKA  File: /home/vladimir/Desktop/SQRT/sqrt/sqrt.srcs/sources_1/new/sqrt.vhd
Note: s3:Vrednost one_next=: 4194304
Time: 155 ns  Iteration: 3  Process: /sqrt_tb/uut/KOMBINACIONA_LOGIKA  File: /home/vladimir/Desktop/SQRT/sqrt/sqrt.srcs/sources_1/new/sqrt.vhd
Note: Usao u stanje s2
Time: 165 ns  Iteration: 2  Process: /sqrt_tb/uut/KOMBINACIONA_LOGIKA  File: /home/vladimir/Desktop/SQRT/sqrt/sqrt.srcs/sources_1/new/sqrt.vhd
Note: Usao u stanje s3
Time: 175 ns  Iteration: 2  Process: /sqrt_tb/uut/KOMBINACIONA_LOGIKA  File: /home/vladimir/Desktop/SQRT/sqrt/sqrt.srcs/sources_1/new/sqrt.vhd
Note: s3:Vrednost one_next=: 4194304
Time: 175 ns  Iteration: 2  Process: /sqrt_tb/uut/KOMBINACIONA_LOGIKA  File: /home/vladimir/Desktop/SQRT/sqrt/sqrt.srcs/sources_1/new/sqrt.vhd
Note: Usao u stanje s3
Time: 175 ns  Iteration: 3  Process: /sqrt_tb/uut/KOMBINACIONA_LOGIKA  File: /home/vladimir/Desktop/SQRT/sqrt/sqrt.srcs/sources_1/new/sqrt.vhd
Note: s3:Vrednost one_next=: 1048576
Time: 175 ns  Iteration: 3  Process: /sqrt_tb/uut/KOMBINACIONA_LOGIKA  File: /home/vladimir/Desktop/SQRT/sqrt/sqrt.srcs/sources_1/new/sqrt.vhd
Note: Usao u stanje s2
Time: 185 ns  Iteration: 2  Process: /sqrt_tb/uut/KOMBINACIONA_LOGIKA  File: /home/vladimir/Desktop/SQRT/sqrt/sqrt.srcs/sources_1/new/sqrt.vhd
Note: Usao u stanje s3
Time: 195 ns  Iteration: 2  Process: /sqrt_tb/uut/KOMBINACIONA_LOGIKA  File: /home/vladimir/Desktop/SQRT/sqrt/sqrt.srcs/sources_1/new/sqrt.vhd
Note: s3:Vrednost one_next=: 1048576
Time: 195 ns  Iteration: 2  Process: /sqrt_tb/uut/KOMBINACIONA_LOGIKA  File: /home/vladimir/Desktop/SQRT/sqrt/sqrt.srcs/sources_1/new/sqrt.vhd
Note: Usao u stanje s3
Time: 195 ns  Iteration: 3  Process: /sqrt_tb/uut/KOMBINACIONA_LOGIKA  File: /home/vladimir/Desktop/SQRT/sqrt/sqrt.srcs/sources_1/new/sqrt.vhd
Note: s3:Vrednost one_next=: 262144
Time: 195 ns  Iteration: 3  Process: /sqrt_tb/uut/KOMBINACIONA_LOGIKA  File: /home/vladimir/Desktop/SQRT/sqrt/sqrt.srcs/sources_1/new/sqrt.vhd
Note: Usao u stanje s2
Time: 205 ns  Iteration: 2  Process: /sqrt_tb/uut/KOMBINACIONA_LOGIKA  File: /home/vladimir/Desktop/SQRT/sqrt/sqrt.srcs/sources_1/new/sqrt.vhd
Note: Usao u stanje s4
Time: 215 ns  Iteration: 2  Process: /sqrt_tb/uut/KOMBINACIONA_LOGIKA  File: /home/vladimir/Desktop/SQRT/sqrt/sqrt.srcs/sources_1/new/sqrt.vhd
Note: s4:Vrednost one_next=: 262144
Time: 215 ns  Iteration: 2  Process: /sqrt_tb/uut/KOMBINACIONA_LOGIKA  File: /home/vladimir/Desktop/SQRT/sqrt/sqrt.srcs/sources_1/new/sqrt.vhd
Note: s4:Vrednost res_next=: 0
Time: 215 ns  Iteration: 2  Process: /sqrt_tb/uut/KOMBINACIONA_LOGIKA  File: /home/vladimir/Desktop/SQRT/sqrt/sqrt.srcs/sources_1/new/sqrt.vhd
Note: Usao u stanje s4
Time: 245 ns  Iteration: 2  Process: /sqrt_tb/uut/KOMBINACIONA_LOGIKA  File: /home/vladimir/Desktop/SQRT/sqrt/sqrt.srcs/sources_1/new/sqrt.vhd
Note: s4:Vrednost one_next=: 65536
Time: 245 ns  Iteration: 2  Process: /sqrt_tb/uut/KOMBINACIONA_LOGIKA  File: /home/vladimir/Desktop/SQRT/sqrt/sqrt.srcs/sources_1/new/sqrt.vhd
Note: s4:Vrednost res_next=: 262144
Time: 245 ns  Iteration: 2  Process: /sqrt_tb/uut/KOMBINACIONA_LOGIKA  File: /home/vladimir/Desktop/SQRT/sqrt/sqrt.srcs/sources_1/new/sqrt.vhd
Note: Usao u stanje s4
Time: 265 ns  Iteration: 2  Process: /sqrt_tb/uut/KOMBINACIONA_LOGIKA  File: /home/vladimir/Desktop/SQRT/sqrt/sqrt.srcs/sources_1/new/sqrt.vhd
Note: s4:Vrednost one_next=: 16384
Time: 265 ns  Iteration: 2  Process: /sqrt_tb/uut/KOMBINACIONA_LOGIKA  File: /home/vladimir/Desktop/SQRT/sqrt/sqrt.srcs/sources_1/new/sqrt.vhd
Note: s4:Vrednost res_next=: 131072
Time: 265 ns  Iteration: 2  Process: /sqrt_tb/uut/KOMBINACIONA_LOGIKA  File: /home/vladimir/Desktop/SQRT/sqrt/sqrt.srcs/sources_1/new/sqrt.vhd
Note: Usao u stanje s4
Time: 285 ns  Iteration: 2  Process: /sqrt_tb/uut/KOMBINACIONA_LOGIKA  File: /home/vladimir/Desktop/SQRT/sqrt/sqrt.srcs/sources_1/new/sqrt.vhd
Note: s4:Vrednost one_next=: 4096
Time: 285 ns  Iteration: 2  Process: /sqrt_tb/uut/KOMBINACIONA_LOGIKA  File: /home/vladimir/Desktop/SQRT/sqrt/sqrt.srcs/sources_1/new/sqrt.vhd
Note: s4:Vrednost res_next=: 65536
Time: 285 ns  Iteration: 2  Process: /sqrt_tb/uut/KOMBINACIONA_LOGIKA  File: /home/vladimir/Desktop/SQRT/sqrt/sqrt.srcs/sources_1/new/sqrt.vhd
Note: Usao u stanje s4
Time: 305 ns  Iteration: 2  Process: /sqrt_tb/uut/KOMBINACIONA_LOGIKA  File: /home/vladimir/Desktop/SQRT/sqrt/sqrt.srcs/sources_1/new/sqrt.vhd
Note: s4:Vrednost one_next=: 1024
Time: 305 ns  Iteration: 2  Process: /sqrt_tb/uut/KOMBINACIONA_LOGIKA  File: /home/vladimir/Desktop/SQRT/sqrt/sqrt.srcs/sources_1/new/sqrt.vhd
Note: s4:Vrednost res_next=: 32768
Time: 305 ns  Iteration: 2  Process: /sqrt_tb/uut/KOMBINACIONA_LOGIKA  File: /home/vladimir/Desktop/SQRT/sqrt/sqrt.srcs/sources_1/new/sqrt.vhd
Note: Usao u stanje s4
Time: 335 ns  Iteration: 2  Process: /sqrt_tb/uut/KOMBINACIONA_LOGIKA  File: /home/vladimir/Desktop/SQRT/sqrt/sqrt.srcs/sources_1/new/sqrt.vhd
Note: s4:Vrednost one_next=: 256
Time: 335 ns  Iteration: 2  Process: /sqrt_tb/uut/KOMBINACIONA_LOGIKA  File: /home/vladimir/Desktop/SQRT/sqrt/sqrt.srcs/sources_1/new/sqrt.vhd
Note: s4:Vrednost res_next=: 17408
Time: 335 ns  Iteration: 2  Process: /sqrt_tb/uut/KOMBINACIONA_LOGIKA  File: /home/vladimir/Desktop/SQRT/sqrt/sqrt.srcs/sources_1/new/sqrt.vhd
Note: Usao u stanje s4
Time: 355 ns  Iteration: 2  Process: /sqrt_tb/uut/KOMBINACIONA_LOGIKA  File: /home/vladimir/Desktop/SQRT/sqrt/sqrt.srcs/sources_1/new/sqrt.vhd
Note: s4:Vrednost one_next=: 64
Time: 355 ns  Iteration: 2  Process: /sqrt_tb/uut/KOMBINACIONA_LOGIKA  File: /home/vladimir/Desktop/SQRT/sqrt/sqrt.srcs/sources_1/new/sqrt.vhd
Note: s4:Vrednost res_next=: 8704
Time: 355 ns  Iteration: 2  Process: /sqrt_tb/uut/KOMBINACIONA_LOGIKA  File: /home/vladimir/Desktop/SQRT/sqrt/sqrt.srcs/sources_1/new/sqrt.vhd
Note: Usao u stanje s4
Time: 385 ns  Iteration: 2  Process: /sqrt_tb/uut/KOMBINACIONA_LOGIKA  File: /home/vladimir/Desktop/SQRT/sqrt/sqrt.srcs/sources_1/new/sqrt.vhd
Note: s4:Vrednost one_next=: 16
Time: 385 ns  Iteration: 2  Process: /sqrt_tb/uut/KOMBINACIONA_LOGIKA  File: /home/vladimir/Desktop/SQRT/sqrt/sqrt.srcs/sources_1/new/sqrt.vhd
Note: s4:Vrednost res_next=: 4416
Time: 385 ns  Iteration: 2  Process: /sqrt_tb/uut/KOMBINACIONA_LOGIKA  File: /home/vladimir/Desktop/SQRT/sqrt/sqrt.srcs/sources_1/new/sqrt.vhd
Note: Usao u stanje s4
Time: 405 ns  Iteration: 2  Process: /sqrt_tb/uut/KOMBINACIONA_LOGIKA  File: /home/vladimir/Desktop/SQRT/sqrt/sqrt.srcs/sources_1/new/sqrt.vhd
Note: s4:Vrednost one_next=: 4
Time: 405 ns  Iteration: 2  Process: /sqrt_tb/uut/KOMBINACIONA_LOGIKA  File: /home/vladimir/Desktop/SQRT/sqrt/sqrt.srcs/sources_1/new/sqrt.vhd
Note: s4:Vrednost res_next=: 2208
Time: 405 ns  Iteration: 2  Process: /sqrt_tb/uut/KOMBINACIONA_LOGIKA  File: /home/vladimir/Desktop/SQRT/sqrt/sqrt.srcs/sources_1/new/sqrt.vhd
Note: Usao u stanje s4
Time: 435 ns  Iteration: 2  Process: /sqrt_tb/uut/KOMBINACIONA_LOGIKA  File: /home/vladimir/Desktop/SQRT/sqrt/sqrt.srcs/sources_1/new/sqrt.vhd
Note: s4:Vrednost one_next=: 1
Time: 435 ns  Iteration: 2  Process: /sqrt_tb/uut/KOMBINACIONA_LOGIKA  File: /home/vladimir/Desktop/SQRT/sqrt/sqrt.srcs/sources_1/new/sqrt.vhd
Note: s4:Vrednost res_next=: 1108
Time: 435 ns  Iteration: 2  Process: /sqrt_tb/uut/KOMBINACIONA_LOGIKA  File: /home/vladimir/Desktop/SQRT/sqrt/sqrt.srcs/sources_1/new/sqrt.vhd
Note: Usao u stanje s4
Time: 465 ns  Iteration: 2  Process: /sqrt_tb/uut/KOMBINACIONA_LOGIKA  File: /home/vladimir/Desktop/SQRT/sqrt/sqrt.srcs/sources_1/new/sqrt.vhd
Note: s4:Vrednost one_next=: 0
Time: 465 ns  Iteration: 2  Process: /sqrt_tb/uut/KOMBINACIONA_LOGIKA  File: /home/vladimir/Desktop/SQRT/sqrt/sqrt.srcs/sources_1/new/sqrt.vhd
Note: Usao u stanje s4
Time: 470 ns  Iteration: 1  Process: /sqrt_tb/uut/KOMBINACIONA_LOGIKA  File: /home/vladimir/Desktop/SQRT/sqrt/sqrt.srcs/sources_1/new/sqrt.vhd
Note: s4:Vrednost one_next=: 0
Time: 470 ns  Iteration: 1  Process: /sqrt_tb/uut/KOMBINACIONA_LOGIKA  File: /home/vladimir/Desktop/SQRT/sqrt/sqrt.srcs/sources_1/new/sqrt.vhd
Note: Usao u stanje idle
Time: 475 ns  Iteration: 2  Process: /sqrt_tb/uut/KOMBINACIONA_LOGIKA  File: /home/vladimir/Desktop/SQRT/sqrt/sqrt.srcs/sources_1/new/sqrt.vhd
Note: Usao u stanje idle,ready=1
Time: 475 ns  Iteration: 2  Process: /sqrt_tb/uut/KOMBINACIONA_LOGIKA  File: /home/vladimir/Desktop/SQRT/sqrt/sqrt.srcs/sources_1/new/sqrt.vhd
Note: Usao u else deo iddel stanja,tj vraca se ponovo u idle narendo_stanje=idle
Time: 475 ns  Iteration: 2  Process: /sqrt_tb/uut/KOMBINACIONA_LOGIKA  File: /home/vladimir/Desktop/SQRT/sqrt/sqrt.srcs/sources_1/new/sqrt.vhd
