#
# An unexpected error has occurred (11)
#
Stack:
/home/vladimir/Desktop/VHDL/Vivado/2020.2/tps/lnx64/jre11.0.2/lib//server/libjvm.so(+0xc04c3b) [0x7f2de941ac3b]
/home/vladimir/Desktop/VHDL/Vivado/2020.2/tps/lnx64/jre11.0.2/lib//server/libjvm.so(JVM_handle_linux_signal+0x14e) [0x7f2de941f8de]
/home/vladimir/Desktop/VHDL/Vivado/2020.2/tps/lnx64/jre11.0.2/lib//server/libjvm.so(+0xbfd538) [0x7f2de9413538]
/lib/x86_64-linux-gnu/libc.so.6(+0x43090) [0x7f2e3e996090]
/home/vladimir/Desktop/VHDL/Vivado/2020.2/lib/lnx64.o/librdi_simbridge_kernel.so(SimBridge::CArray::empty() const+0) [0x7f2deff98a00]
/home/vladimir/Desktop/VHDL/Vivado/2020.2/lib/lnx64.o/librdi_simbridge_kernel.so(SimBridge::WdbEventBlock::addBlock(SimBridge::WdbIBlockManager&, unsigned int&) const+0x1c) [0x7f2deff990dc]
/home/vladimir/Desktop/VHDL/Vivado/2020.2/lib/lnx64.o/librdi_simbridge_kernel.so(SimBridge::WdbMultipleBucketEventDatabase::getEventBlockDatabaseIterator(std::vector<SimBridge::WdbScalarBTree*, std::allocator<SimBridge::WdbScalarBTree*> > const&, std::vector<boost::shared_ptr<SimBridge::WdbIEventBlockIterator>, std::allocator<boost::shared_ptr<SimBridge::WdbIEventBlockIterator> > >&, std::vector<std::vector<SimBridge::WdbScalarBTree*, std::allocator<SimBridge::WdbScalarBTree*> >, std::allocator<std::vector<SimBridge::WdbScalarBTree*, std::allocator<SimBridge::WdbScalarBTree*> > > >&) const+0x691) [0x7f2deffb3071]
/home/vladimir/Desktop/VHDL/Vivado/2020.2/lib/lnx64.o/librdi_simbridge_kernel.so(SimBridge::WdbAddressBTreeManager::scanWdbDatabaseMultiThread(std::vector<SimBridge::WdbScalarBTree*, std::allocator<SimBridge::WdbScalarBTree*> > const&, ISIM::IGuiStatus*)+0xf0) [0x7f2deff8fee0]
/home/vladimir/Desktop/VHDL/Vivado/2020.2/lib/lnx64.o/librdi_wavedata.so(SimBridge::DataObjMgr::createDrawingBTree(std::vector<SimBridge::IDataObj const*, std::allocator<SimBridge::IDataObj const*> > const&, ISIM::IGuiStatus*, bool)+0x32a) [0x7f2dfb31958a]
/home/vladimir/Desktop/VHDL/Vivado/2020.2/lib/lnx64.o/librdi_wavedata.so(SG_Model::Model::createDrawingBTree(std::vector<SG_Model::WVDataObject*, std::allocator<SG_Model::WVDataObject*> > const&, ISIM::IGuiStatus*) const+0x21b) [0x7f2dfb3d116b]
/home/vladimir/Desktop/VHDL/Vivado/2020.2/lib/lnx64.o/librdi_wavedata.so(SG_Model::Model::addWVObject(std::vector<SG_Model::WVDataObject*, std::allocator<SG_Model::WVDataObject*> > const&, SG_Model::WVDataObject*, int)+0x23f) [0x7f2dfb3d3e0f]
/home/vladimir/Desktop/VHDL/Vivado/2020.2/lib/lnx64.o/librdi_wavedata.so(SG_Controller::AddWaveformCommand::doCommand()+0x33) [0x7f2dfb39a5d3]
/home/vladimir/Desktop/VHDL/Vivado/2020.2/lib/lnx64.o/librdi_wavedata.so(SG_Controller::CommandManager::executeOrAppendMacro(SG_Controller::Command*, bool)+0x4d) [0x7f2dfb3998fd]
/home/vladimir/Desktop/VHDL/Vivado/2020.2/lib/lnx64.o/librdi_wavedata.so(SG_Controller::CommandManager::createAndExecute(std::__cxx11::basic_string<char, std::char_traits<char>, std::allocator<char> > const&, SG_Common::StringArray const&, SG_Model::Model&, SG_Controller::CommandFactory&)+0x151) [0x7f2dfb399c91]
/home/vladimir/Desktop/VHDL/Vivado/2020.2/lib/lnx64.o/librdi_wavedata.so(WVDAppInterface::WVDWaveConfigurationImp::execute(std::__cxx11::basic_string<char, std::char_traits<char>, std::allocator<char> > const&, SG_Common::StringArray const&)+0x1b) [0x7f2dfb28b16b]
/home/vladimir/Desktop/VHDL/Vivado/2020.2/lib/lnx64.o/librdi_wavedata.so(WVDAppInterface::WVDWaveConfiguration::addWaveObject(std::vector<SG_Model::WVDataObject*, std::allocator<SG_Model::WVDataObject*> > const&, int, int, WVDAppInterface::WVDWaveDisplayOption const&, ISIM::IGuiStatus*)+0x52f) [0x7f2dfb28e10f]
/home/vladimir/Desktop/VHDL/Vivado/2020.2/lib/lnx64.o/librdi_wavedata.so(WVDAppInterface::WVDWaveConfiguration::addWave(std::vector<SimBridge::IObject const*, std::allocator<SimBridge::IObject const*> > const&, int, int, bool, WVDAppInterface::WVDWaveDisplayOption const&, ISIM::IGuiStatus*)+0x22c) [0x7f2dfb28e73c]
/home/vladimir/Desktop/VHDL/Vivado/2020.2/lib/lnx64.o/librdi_wavedatatasks.so(+0xdd8cd) [0x7f2d8a4188cd]
/home/vladimir/Desktop/VHDL/Vivado/2020.2/lib/lnx64.o/librdi_common.so(+0x9cfb1d) [0x7f2e3fcd4b1d]
/home/vladimir/Desktop/VHDL/Vivado/2020.2/lib/lnx64.o/libtcl8.5.so(+0x3356f) [0x7f2e3a07c56f]
/home/vladimir/Desktop/VHDL/Vivado/2020.2/lib/lnx64.o/libtcl8.5.so(+0x76945) [0x7f2e3a0bf945]
/home/vladimir/Desktop/VHDL/Vivado/2020.2/lib/lnx64.o/libtcl8.5.so(+0x7e0f9) [0x7f2e3a0c70f9]
/home/vladimir/Desktop/VHDL/Vivado/2020.2/lib/lnx64.o/libtcl8.5.so(TclEvalObjEx+0x76) [0x7f2e3a07e216]
/home/vladimir/Desktop/VHDL/Vivado/2020.2/lib/lnx64.o/libtcl8.5.so(+0x3e824) [0x7f2e3a087824]
/home/vladimir/Desktop/VHDL/Vivado/2020.2/lib/lnx64.o/libtcl8.5.so(+0x3356f) [0x7f2e3a07c56f]
/home/vladimir/Desktop/VHDL/Vivado/2020.2/lib/lnx64.o/libtcl8.5.so(+0x76945) [0x7f2e3a0bf945]
/home/vladimir/Desktop/VHDL/Vivado/2020.2/lib/lnx64.o/libtcl8.5.so(+0x7e0f9) [0x7f2e3a0c70f9]
/home/vladimir/Desktop/VHDL/Vivado/2020.2/lib/lnx64.o/libtcl8.5.so(TclEvalObjEx+0x76) [0x7f2e3a07e216]
/home/vladimir/Desktop/VHDL/Vivado/2020.2/lib/lnx64.o/libtcl8.5.so(+0x3e824) [0x7f2e3a087824]
/home/vladimir/Desktop/VHDL/Vivado/2020.2/lib/lnx64.o/libtcl8.5.so(+0x3356f) [0x7f2e3a07c56f]
/home/vladimir/Desktop/VHDL/Vivado/2020.2/lib/lnx64.o/libtcl8.5.so(+0x34bf8) [0x7f2e3a07dbf8]
/home/vladimir/Desktop/VHDL/Vivado/2020.2/lib/lnx64.o/libtcl8.5.so(Tcl_EvalEx+0x13) [0x7f2e3a07e163]
/home/vladimir/Desktop/VHDL/Vivado/2020.2/lib/lnx64.o/libtcl8.5.so(Tcl_FSEvalFileEx+0x1da) [0x7f2e3a0e2d2a]
/home/vladimir/Desktop/VHDL/Vivado/2020.2/lib/lnx64.o/librdi_commontasks.so(+0x1f8c0d) [0x7f2e331dbc0d]
/home/vladimir/Desktop/VHDL/Vivado/2020.2/lib/lnx64.o/librdi_common.so(+0x9cfb1d) [0x7f2e3fcd4b1d]
/home/vladimir/Desktop/VHDL/Vivado/2020.2/lib/lnx64.o/libtcl8.5.so(+0x3356f) [0x7f2e3a07c56f]
/home/vladimir/Desktop/VHDL/Vivado/2020.2/lib/lnx64.o/libtcl8.5.so(Tcl_EvalObjv+0x32) [0x7f2e3a07c6a2]
/home/vladimir/Desktop/VHDL/Vivado/2020.2/lib/lnx64.o/libtcl8.5.so(TclEvalObjEx+0x322) [0x7f2e3a07e4c2]
/home/vladimir/Desktop/VHDL/Vivado/2020.2/lib/lnx64.o/librdi_common.so(hdi::tcltasks::task_manager::eval_in_tcl(Tcl_Interp*, Tcl_Obj*, char const*, bool)+0xb59) [0x7f2e3fcd6929]
/home/vladimir/Desktop/VHDL/Vivado/2020.2/lib/lnx64.o/librdi_simtcltasks.so(RSTTclHelper::processTclbatchOption(hdi::tcltasks::task_options_base&, Tcl_Interp*)+0x114) [0x7f2d8a7c2864]
/home/vladimir/Desktop/VHDL/Vivado/2020.2/lib/lnx64.o/librdi_simtcltasks.so(+0x13b281) [0x7f2d8a83c281]
/home/vladimir/Desktop/VHDL/Vivado/2020.2/lib/lnx64.o/librdi_common.so(+0x9cfb1d) [0x7f2e3fcd4b1d]
/home/vladimir/Desktop/VHDL/Vivado/2020.2/lib/lnx64.o/libtcl8.5.so(+0x3356f) [0x7f2e3a07c56f]
/home/vladimir/Desktop/VHDL/Vivado/2020.2/lib/lnx64.o/libtcl8.5.so(+0x34bf8) [0x7f2e3a07dbf8]
/home/vladimir/Desktop/VHDL/Vivado/2020.2/lib/lnx64.o/libtcl8.5.so(Tcl_EvalEx+0x13) [0x7f2e3a07e163]
/home/vladimir/Desktop/VHDL/Vivado/2020.2/lib/lnx64.o/libtcl8.5.so(TclEvalObjEx+0x1e0) [0x7f2e3a07e380]
/home/vladimir/Desktop/VHDL/Vivado/2020.2/lib/lnx64.o/libtcl8.5.so(+0x3b445) [0x7f2e3a084445]
/home/vladimir/Desktop/VHDL/Vivado/2020.2/lib/lnx64.o/libtcl8.5.so(+0x3356f) [0x7f2e3a07c56f]
/home/vladimir/Desktop/VHDL/Vivado/2020.2/lib/lnx64.o/libtcl8.5.so(+0x76945) [0x7f2e3a0bf945]
/home/vladimir/Desktop/VHDL/Vivado/2020.2/lib/lnx64.o/libtcl8.5.so(+0x7e0f9) [0x7f2e3a0c70f9]
/home/vladimir/Desktop/VHDL/Vivado/2020.2/lib/lnx64.o/libtcl8.5.so(TclEvalObjEx+0x76) [0x7f2e3a07e216]
/home/vladimir/Desktop/VHDL/Vivado/2020.2/lib/lnx64.o/librdi_commontasks.so(+0x1dba74) [0x7f2e331bea74]
/home/vladimir/Desktop/VHDL/Vivado/2020.2/lib/lnx64.o/libtcl8.5.so(+0x3356f) [0x7f2e3a07c56f]
/home/vladimir/Desktop/VHDL/Vivado/2020.2/lib/lnx64.o/libtcl8.5.so(+0x76945) [0x7f2e3a0bf945]
/home/vladimir/Desktop/VHDL/Vivado/2020.2/lib/lnx64.o/libtcl8.5.so(TclObjInterpProcCore+0x420) [0x7f2e3a100ed0]
/home/vladimir/Desktop/VHDL/Vivado/2020.2/lib/lnx64.o/libtcl8.5.so(+0x3356f) [0x7f2e3a07c56f]
/home/vladimir/Desktop/VHDL/Vivado/2020.2/lib/lnx64.o/libtcl8.5.so(Tcl_EvalObjv+0x32) [0x7f2e3a07c6a2]
/home/vladimir/Desktop/VHDL/Vivado/2020.2/lib/lnx64.o/libtcl8.5.so(TclEvalObjEx+0x322) [0x7f2e3a07e4c2]
/home/vladimir/Desktop/VHDL/Vivado/2020.2/lib/lnx64.o/librdi_tcltasks.so(SimUtils::detail::execStep(Tcl_Interp*, std::__cxx11::basic_ostringstream<char, std::char_traits<char>, std::allocator<char> >&, std::__cxx11::basic_string<char, std::char_traits<char>, std::allocator<char> > const&, std::__cxx11::basic_string<char, std::char_traits<char>, std::allocator<char> > const&, std::__cxx11::basic_string<char, std::char_traits<char>, std::allocator<char> >&, bool&)+0x1ee) [0x7f2e30efc1fe]
/home/vladimir/Desktop/VHDL/Vivado/2020.2/lib/lnx64.o/librdi_tcltasks.so(SimUtils::detail::execSimStep(Tcl_Interp*, std::__cxx11::basic_ostringstream<char, std::char_traits<char>, std::allocator<char> >&, HAPUFSimulator*, HAPUFSimulator::TclProc, std::__cxx11::basic_string<char, std::char_traits<char>, std::allocator<char> > const&, bool, HADAFileSet*, std::__cxx11::basic_string<char, std::char_traits<char>, std::allocator<char> > const&, HAPUFSimulator::SimulationStep, bool, HDGUIStatus*)+0x75) [0x7f2e30efc435]
/home/vladimir/Desktop/VHDL/Vivado/2020.2/lib/lnx64.o/librdi_tcltasks.so(HTCSimUtils::executeStep(Tcl_Interp*, HADAFileSet*, HADAFileSet*, HAPUFSimulator*, HDGUIStatus*, std::__cxx11::basic_string<char, std::char_traits<char>, std::allocator<char> > const&, std::__cxx11::basic_string<char, std::char_traits<char>, std::allocator<char> > const&, std::__cxx11::basic_string<char, std::char_traits<char>, std::allocator<char> > const&, bool, bool, bool, std::__cxx11::basic_ostringstream<char, std::char_traits<char>, std::allocator<char> >&)+0x4b7) [0x7f2e30efca97]
/home/vladimir/Desktop/VHDL/Vivado/2020.2/lib/lnx64.o/librdi_tcltasks.so(+0x1927eec) [0x7f2e30ea2eec]
/home/vladimir/Desktop/VHDL/Vivado/2020.2/lib/lnx64.o/librdi_common.so(+0x9cfb1d) [0x7f2e3fcd4b1d]
/home/vladimir/Desktop/VHDL/Vivado/2020.2/lib/lnx64.o/libtcl8.5.so(+0x3356f) [0x7f2e3a07c56f]
/home/vladimir/Desktop/VHDL/Vivado/2020.2/lib/lnx64.o/libtcl8.5.so(+0x76945) [0x7f2e3a0bf945]
/home/vladimir/Desktop/VHDL/Vivado/2020.2/lib/lnx64.o/libtcl8.5.so(+0x7e0f9) [0x7f2e3a0c70f9]
/home/vladimir/Desktop/VHDL/Vivado/2020.2/lib/lnx64.o/libtcl8.5.so(TclEvalObjEx+0x76) [0x7f2e3a07e216]
/home/vladimir/Desktop/VHDL/Vivado/2020.2/lib/lnx64.o/librdi_common.so(+0x9ce041) [0x7f2e3fcd3041]
/home/vladimir/Desktop/VHDL/Vivado/2020.2/lib/lnx64.o/libtcl8.5.so(Tcl_ServiceEvent+0x7f) [0x7f2e3a0f0bef]
/home/vladimir/Desktop/VHDL/Vivado/2020.2/lib/lnx64.o/libtcl8.5.so(Tcl_DoOneEvent+0x154) [0x7f2e3a0f0f24]
/home/vladimir/Desktop/VHDL/Vivado/2020.2/lib/lnx64.o/librdi_commontasks.so(+0x23caa5) [0x7f2e3321faa5]
/home/vladimir/Desktop/VHDL/Vivado/2020.2/lib/lnx64.o/librdi_commontasks.so(+0x23fbb5) [0x7f2e33222bb5]
/home/vladimir/Desktop/VHDL/Vivado/2020.2/lib/lnx64.o/librdi_commontasks.so(+0x240bde) [0x7f2e33223bde]
/home/vladimir/Desktop/VHDL/Vivado/2020.2/lib/lnx64.o/librdi_common.so(+0x9cfb1d) [0x7f2e3fcd4b1d]
/home/vladimir/Desktop/VHDL/Vivado/2020.2/lib/lnx64.o/libtcl8.5.so(+0x3356f) [0x7f2e3a07c56f]
/home/vladimir/Desktop/VHDL/Vivado/2020.2/lib/lnx64.o/libtcl8.5.so(+0x76945) [0x7f2e3a0bf945]
/home/vladimir/Desktop/VHDL/Vivado/2020.2/lib/lnx64.o/libtcl8.5.so(+0x7e0f9) [0x7f2e3a0c70f9]
/home/vladimir/Desktop/VHDL/Vivado/2020.2/lib/lnx64.o/libtcl8.5.so(TclEvalObjEx+0x76) [0x7f2e3a07e216]
/home/vladimir/Desktop/VHDL/Vivado/2020.2/lib/lnx64.o/librdi_commonmain.so(+0xad53) [0x7f2e3f0fdd53]
/home/vladimir/Desktop/VHDL/Vivado/2020.2/lib/lnx64.o/libtcl8.5.so(Tcl_Main+0x1d0) [0x7f2e3a0e92f0]
/home/vladimir/Desktop/VHDL/Vivado/2020.2/lib/lnx64.o/librdi_common.so(+0xa1442b) [0x7f2e3fd1942b]
/lib/x86_64-linux-gnu/libpthread.so.0(+0x8609) [0x7f2e3e938609]
/lib/x86_64-linux-gnu/libc.so.6(clone+0x43) [0x7f2e3ea72353]
