#
# An unexpected error has occurred (11)
#
Stack:
/home/vladimir/Desktop/VHDL/Vivado/2020.2/tps/lnx64/jre11.0.2/lib//server/libjvm.so(+0xc04c3b) [0x7fac6d9f1c3b]
/home/vladimir/Desktop/VHDL/Vivado/2020.2/tps/lnx64/jre11.0.2/lib//server/libjvm.so(JVM_handle_linux_signal+0x14e) [0x7fac6d9f68de]
/home/vladimir/Desktop/VHDL/Vivado/2020.2/tps/lnx64/jre11.0.2/lib//server/libjvm.so(+0xbfd538) [0x7fac6d9ea538]
/lib/x86_64-linux-gnu/libc.so.6(+0x43090) [0x7facc2f6d090]
/home/vladimir/Desktop/VHDL/Vivado/2020.2/lib/lnx64.o/librdi_simbridge_kernel.so(SimBridge::CArray::empty() const+0) [0x7fac7456fa00]
/home/vladimir/Desktop/VHDL/Vivado/2020.2/lib/lnx64.o/librdi_simbridge_kernel.so(SimBridge::WdbEventBlock::addBlock(SimBridge::WdbIBlockManager&, unsigned int&) const+0x1c) [0x7fac745700dc]
/home/vladimir/Desktop/VHDL/Vivado/2020.2/lib/lnx64.o/librdi_simbridge_kernel.so(SimBridge::WdbMultipleBucketEventDatabase::getEventBlockDatabaseIterator(std::vector<SimBridge::WdbScalarBTree*, std::allocator<SimBridge::WdbScalarBTree*> > const&, std::vector<boost::shared_ptr<SimBridge::WdbIEventBlockIterator>, std::allocator<boost::shared_ptr<SimBridge::WdbIEventBlockIterator> > >&, std::vector<std::vector<SimBridge::WdbScalarBTree*, std::allocator<SimBridge::WdbScalarBTree*> >, std::allocator<std::vector<SimBridge::WdbScalarBTree*, std::allocator<SimBridge::WdbScalarBTree*> > > >&) const+0x691) [0x7fac7458a071]
/home/vladimir/Desktop/VHDL/Vivado/2020.2/lib/lnx64.o/librdi_simbridge_kernel.so(SimBridge::WdbAddressBTreeManager::scanWdbDatabaseMultiThread(std::vector<SimBridge::WdbScalarBTree*, std::allocator<SimBridge::WdbScalarBTree*> > const&, ISIM::IGuiStatus*)+0xf0) [0x7fac74566ee0]
/home/vladimir/Desktop/VHDL/Vivado/2020.2/lib/lnx64.o/librdi_wavedata.so(SimBridge::DataObjMgr::createDrawingBTree(std::vector<SimBridge::IDataObj const*, std::allocator<SimBridge::IDataObj const*> > const&, ISIM::IGuiStatus*, bool)+0x32a) [0x7fac7f8f058a]
/home/vladimir/Desktop/VHDL/Vivado/2020.2/lib/lnx64.o/librdi_wavedata.so(SG_Model::Model::createDrawingBTree(std::vector<SG_Model::WVDataObject*, std::allocator<SG_Model::WVDataObject*> > const&, ISIM::IGuiStatus*) const+0x21b) [0x7fac7f9a816b]
/home/vladimir/Desktop/VHDL/Vivado/2020.2/lib/lnx64.o/librdi_wavedata.so(SG_Model::Model::addWVObject(std::vector<SG_Model::WVDataObject*, std::allocator<SG_Model::WVDataObject*> > const&, SG_Model::WVDataObject*, int)+0x23f) [0x7fac7f9aae0f]
/home/vladimir/Desktop/VHDL/Vivado/2020.2/lib/lnx64.o/librdi_wavedata.so(SG_Controller::AddWaveformCommand::doCommand()+0x33) [0x7fac7f9715d3]
/home/vladimir/Desktop/VHDL/Vivado/2020.2/lib/lnx64.o/librdi_wavedata.so(SG_Controller::CommandManager::executeOrAppendMacro(SG_Controller::Command*, bool)+0x4d) [0x7fac7f9708fd]
/home/vladimir/Desktop/VHDL/Vivado/2020.2/lib/lnx64.o/librdi_wavedata.so(SG_Controller::CommandManager::createAndExecute(std::__cxx11::basic_string<char, std::char_traits<char>, std::allocator<char> > const&, SG_Common::StringArray const&, SG_Model::Model&, SG_Controller::CommandFactory&)+0x151) [0x7fac7f970c91]
/home/vladimir/Desktop/VHDL/Vivado/2020.2/lib/lnx64.o/librdi_wavedata.so(WVDAppInterface::WVDWaveConfigurationImp::execute(std::__cxx11::basic_string<char, std::char_traits<char>, std::allocator<char> > const&, SG_Common::StringArray const&)+0x1b) [0x7fac7f86216b]
/home/vladimir/Desktop/VHDL/Vivado/2020.2/lib/lnx64.o/librdi_wavedata.so(WVDAppInterface::WVDWaveConfiguration::addWaveObject(std::vector<SG_Model::WVDataObject*, std::allocator<SG_Model::WVDataObject*> > const&, int, int, WVDAppInterface::WVDWaveDisplayOption const&, ISIM::IGuiStatus*)+0x52f) [0x7fac7f86510f]
/home/vladimir/Desktop/VHDL/Vivado/2020.2/lib/lnx64.o/librdi_wavedata.so(WVDAppInterface::WVDWaveConfiguration::addWave(std::vector<SimBridge::IObject const*, std::allocator<SimBridge::IObject const*> > const&, int, int, bool, WVDAppInterface::WVDWaveDisplayOption const&, ISIM::IGuiStatus*)+0x22c) [0x7fac7f86573c]
/home/vladimir/Desktop/VHDL/Vivado/2020.2/lib/lnx64.o/librdi_wavedatatasks.so(+0xdd8cd) [0x7fac328508cd]
/home/vladimir/Desktop/VHDL/Vivado/2020.2/lib/lnx64.o/librdi_common.so(+0x9cfb1d) [0x7facc42abb1d]
/home/vladimir/Desktop/VHDL/Vivado/2020.2/lib/lnx64.o/libtcl8.5.so(+0x3356f) [0x7facbe65356f]
/home/vladimir/Desktop/VHDL/Vivado/2020.2/lib/lnx64.o/libtcl8.5.so(+0x76945) [0x7facbe696945]
/home/vladimir/Desktop/VHDL/Vivado/2020.2/lib/lnx64.o/libtcl8.5.so(+0x7e0f9) [0x7facbe69e0f9]
/home/vladimir/Desktop/VHDL/Vivado/2020.2/lib/lnx64.o/libtcl8.5.so(TclEvalObjEx+0x76) [0x7facbe655216]
/home/vladimir/Desktop/VHDL/Vivado/2020.2/lib/lnx64.o/libtcl8.5.so(+0x3e824) [0x7facbe65e824]
/home/vladimir/Desktop/VHDL/Vivado/2020.2/lib/lnx64.o/libtcl8.5.so(+0x3356f) [0x7facbe65356f]
/home/vladimir/Desktop/VHDL/Vivado/2020.2/lib/lnx64.o/libtcl8.5.so(+0x76945) [0x7facbe696945]
/home/vladimir/Desktop/VHDL/Vivado/2020.2/lib/lnx64.o/libtcl8.5.so(+0x7e0f9) [0x7facbe69e0f9]
/home/vladimir/Desktop/VHDL/Vivado/2020.2/lib/lnx64.o/libtcl8.5.so(TclEvalObjEx+0x76) [0x7facbe655216]
/home/vladimir/Desktop/VHDL/Vivado/2020.2/lib/lnx64.o/libtcl8.5.so(+0x3e824) [0x7facbe65e824]
/home/vladimir/Desktop/VHDL/Vivado/2020.2/lib/lnx64.o/libtcl8.5.so(+0x3356f) [0x7facbe65356f]
/home/vladimir/Desktop/VHDL/Vivado/2020.2/lib/lnx64.o/libtcl8.5.so(+0x34bf8) [0x7facbe654bf8]
/home/vladimir/Desktop/VHDL/Vivado/2020.2/lib/lnx64.o/libtcl8.5.so(Tcl_EvalEx+0x13) [0x7facbe655163]
/home/vladimir/Desktop/VHDL/Vivado/2020.2/lib/lnx64.o/libtcl8.5.so(Tcl_FSEvalFileEx+0x1da) [0x7facbe6b9d2a]
/home/vladimir/Desktop/VHDL/Vivado/2020.2/lib/lnx64.o/librdi_commontasks.so(+0x1f8c0d) [0x7facb77b2c0d]
/home/vladimir/Desktop/VHDL/Vivado/2020.2/lib/lnx64.o/librdi_common.so(+0x9cfb1d) [0x7facc42abb1d]
/home/vladimir/Desktop/VHDL/Vivado/2020.2/lib/lnx64.o/libtcl8.5.so(+0x3356f) [0x7facbe65356f]
/home/vladimir/Desktop/VHDL/Vivado/2020.2/lib/lnx64.o/libtcl8.5.so(Tcl_EvalObjv+0x32) [0x7facbe6536a2]
/home/vladimir/Desktop/VHDL/Vivado/2020.2/lib/lnx64.o/libtcl8.5.so(TclEvalObjEx+0x322) [0x7facbe6554c2]
/home/vladimir/Desktop/VHDL/Vivado/2020.2/lib/lnx64.o/librdi_common.so(hdi::tcltasks::task_manager::eval_in_tcl(Tcl_Interp*, Tcl_Obj*, char const*, bool)+0xb59) [0x7facc42ad929]
/home/vladimir/Desktop/VHDL/Vivado/2020.2/lib/lnx64.o/librdi_simtcltasks.so(RSTTclHelper::processTclbatchOption(hdi::tcltasks::task_options_base&, Tcl_Interp*)+0x114) [0x7fac32bfa864]
/home/vladimir/Desktop/VHDL/Vivado/2020.2/lib/lnx64.o/librdi_simtcltasks.so(+0x13b281) [0x7fac32c74281]
/home/vladimir/Desktop/VHDL/Vivado/2020.2/lib/lnx64.o/librdi_common.so(+0x9cfb1d) [0x7facc42abb1d]
/home/vladimir/Desktop/VHDL/Vivado/2020.2/lib/lnx64.o/libtcl8.5.so(+0x3356f) [0x7facbe65356f]
/home/vladimir/Desktop/VHDL/Vivado/2020.2/lib/lnx64.o/libtcl8.5.so(+0x34bf8) [0x7facbe654bf8]
/home/vladimir/Desktop/VHDL/Vivado/2020.2/lib/lnx64.o/libtcl8.5.so(Tcl_EvalEx+0x13) [0x7facbe655163]
/home/vladimir/Desktop/VHDL/Vivado/2020.2/lib/lnx64.o/libtcl8.5.so(TclEvalObjEx+0x1e0) [0x7facbe655380]
/home/vladimir/Desktop/VHDL/Vivado/2020.2/lib/lnx64.o/libtcl8.5.so(+0x3b445) [0x7facbe65b445]
/home/vladimir/Desktop/VHDL/Vivado/2020.2/lib/lnx64.o/libtcl8.5.so(+0x3356f) [0x7facbe65356f]
/home/vladimir/Desktop/VHDL/Vivado/2020.2/lib/lnx64.o/libtcl8.5.so(+0x76945) [0x7facbe696945]
/home/vladimir/Desktop/VHDL/Vivado/2020.2/lib/lnx64.o/libtcl8.5.so(+0x7e0f9) [0x7facbe69e0f9]
/home/vladimir/Desktop/VHDL/Vivado/2020.2/lib/lnx64.o/libtcl8.5.so(TclEvalObjEx+0x76) [0x7facbe655216]
/home/vladimir/Desktop/VHDL/Vivado/2020.2/lib/lnx64.o/librdi_commontasks.so(+0x1dba74) [0x7facb7795a74]
/home/vladimir/Desktop/VHDL/Vivado/2020.2/lib/lnx64.o/libtcl8.5.so(+0x3356f) [0x7facbe65356f]
/home/vladimir/Desktop/VHDL/Vivado/2020.2/lib/lnx64.o/libtcl8.5.so(+0x76945) [0x7facbe696945]
/home/vladimir/Desktop/VHDL/Vivado/2020.2/lib/lnx64.o/libtcl8.5.so(TclObjInterpProcCore+0x420) [0x7facbe6d7ed0]
/home/vladimir/Desktop/VHDL/Vivado/2020.2/lib/lnx64.o/libtcl8.5.so(+0x3356f) [0x7facbe65356f]
/home/vladimir/Desktop/VHDL/Vivado/2020.2/lib/lnx64.o/libtcl8.5.so(Tcl_EvalObjv+0x32) [0x7facbe6536a2]
/home/vladimir/Desktop/VHDL/Vivado/2020.2/lib/lnx64.o/libtcl8.5.so(TclEvalObjEx+0x322) [0x7facbe6554c2]
/home/vladimir/Desktop/VHDL/Vivado/2020.2/lib/lnx64.o/librdi_tcltasks.so(SimUtils::detail::execStep(Tcl_Interp*, std::__cxx11::basic_ostringstream<char, std::char_traits<char>, std::allocator<char> >&, std::__cxx11::basic_string<char, std::char_traits<char>, std::allocator<char> > const&, std::__cxx11::basic_string<char, std::char_traits<char>, std::allocator<char> > const&, std::__cxx11::basic_string<char, std::char_traits<char>, std::allocator<char> >&, bool&)+0x1ee) [0x7facb54d31fe]
/home/vladimir/Desktop/VHDL/Vivado/2020.2/lib/lnx64.o/librdi_tcltasks.so(SimUtils::detail::execSimStep(Tcl_Interp*, std::__cxx11::basic_ostringstream<char, std::char_traits<char>, std::allocator<char> >&, HAPUFSimulator*, HAPUFSimulator::TclProc, std::__cxx11::basic_string<char, std::char_traits<char>, std::allocator<char> > const&, bool, HADAFileSet*, std::__cxx11::basic_string<char, std::char_traits<char>, std::allocator<char> > const&, HAPUFSimulator::SimulationStep, bool, HDGUIStatus*)+0x75) [0x7facb54d3435]
/home/vladimir/Desktop/VHDL/Vivado/2020.2/lib/lnx64.o/librdi_tcltasks.so(HTCSimUtils::executeStep(Tcl_Interp*, HADAFileSet*, HADAFileSet*, HAPUFSimulator*, HDGUIStatus*, std::__cxx11::basic_string<char, std::char_traits<char>, std::allocator<char> > const&, std::__cxx11::basic_string<char, std::char_traits<char>, std::allocator<char> > const&, std::__cxx11::basic_string<char, std::char_traits<char>, std::allocator<char> > const&, bool, bool, bool, std::__cxx11::basic_ostringstream<char, std::char_traits<char>, std::allocator<char> >&)+0x4b7) [0x7facb54d3a97]
/home/vladimir/Desktop/VHDL/Vivado/2020.2/lib/lnx64.o/librdi_tcltasks.so(+0x1927eec) [0x7facb5479eec]
/home/vladimir/Desktop/VHDL/Vivado/2020.2/lib/lnx64.o/librdi_common.so(+0x9cfb1d) [0x7facc42abb1d]
/home/vladimir/Desktop/VHDL/Vivado/2020.2/lib/lnx64.o/libtcl8.5.so(+0x3356f) [0x7facbe65356f]
/home/vladimir/Desktop/VHDL/Vivado/2020.2/lib/lnx64.o/libtcl8.5.so(+0x76945) [0x7facbe696945]
/home/vladimir/Desktop/VHDL/Vivado/2020.2/lib/lnx64.o/libtcl8.5.so(+0x7e0f9) [0x7facbe69e0f9]
/home/vladimir/Desktop/VHDL/Vivado/2020.2/lib/lnx64.o/libtcl8.5.so(TclEvalObjEx+0x76) [0x7facbe655216]
/home/vladimir/Desktop/VHDL/Vivado/2020.2/lib/lnx64.o/librdi_common.so(+0x9ce041) [0x7facc42aa041]
/home/vladimir/Desktop/VHDL/Vivado/2020.2/lib/lnx64.o/libtcl8.5.so(Tcl_ServiceEvent+0x7f) [0x7facbe6c7bef]
/home/vladimir/Desktop/VHDL/Vivado/2020.2/lib/lnx64.o/libtcl8.5.so(Tcl_DoOneEvent+0x154) [0x7facbe6c7f24]
/home/vladimir/Desktop/VHDL/Vivado/2020.2/lib/lnx64.o/librdi_commontasks.so(+0x23caa5) [0x7facb77f6aa5]
/home/vladimir/Desktop/VHDL/Vivado/2020.2/lib/lnx64.o/librdi_commontasks.so(+0x23fbb5) [0x7facb77f9bb5]
/home/vladimir/Desktop/VHDL/Vivado/2020.2/lib/lnx64.o/librdi_commontasks.so(+0x240bde) [0x7facb77fabde]
/home/vladimir/Desktop/VHDL/Vivado/2020.2/lib/lnx64.o/librdi_common.so(+0x9cfb1d) [0x7facc42abb1d]
/home/vladimir/Desktop/VHDL/Vivado/2020.2/lib/lnx64.o/libtcl8.5.so(+0x3356f) [0x7facbe65356f]
/home/vladimir/Desktop/VHDL/Vivado/2020.2/lib/lnx64.o/libtcl8.5.so(+0x76945) [0x7facbe696945]
/home/vladimir/Desktop/VHDL/Vivado/2020.2/lib/lnx64.o/libtcl8.5.so(+0x7e0f9) [0x7facbe69e0f9]
/home/vladimir/Desktop/VHDL/Vivado/2020.2/lib/lnx64.o/libtcl8.5.so(TclEvalObjEx+0x76) [0x7facbe655216]
/home/vladimir/Desktop/VHDL/Vivado/2020.2/lib/lnx64.o/librdi_commonmain.so(+0xad53) [0x7facc36d4d53]
/home/vladimir/Desktop/VHDL/Vivado/2020.2/lib/lnx64.o/libtcl8.5.so(Tcl_Main+0x1d0) [0x7facbe6c02f0]
/home/vladimir/Desktop/VHDL/Vivado/2020.2/lib/lnx64.o/librdi_common.so(+0xa1442b) [0x7facc42f042b]
/lib/x86_64-linux-gnu/libpthread.so.0(+0x8609) [0x7facc2f0f609]
/lib/x86_64-linux-gnu/libc.so.6(clone+0x43) [0x7facc3049353]
